2024-03-18 00:57:42,954 - INFO - patching driver executable /Users/heitorcavalcantidealbuquerque/Library/Application Support/undetected_chromedriver/undetected_chromedriver
2024-03-18 00:57:47,731 - INFO - All Scraped URls set().
2024-03-18 00:57:47,733 - INFO - Existing_urls set().
2024-03-18 00:57:47,733 - INFO - Sleeping 1 for 10.90 seconds.
2024-03-18 00:57:58,635 - INFO - Navigating to URL: https://www.idealista.pt/arrendar-casas/campolide/bairro-calcada-dos-mestres/?ordem=atualizado-desc
2024-03-18 00:58:02,098 - INFO - Extracted 6 listings from a page.
2024-03-18 00:58:02,098 - INFO - Number of URLs added to scraped list: 1
2024-03-18 00:58:02,098 - INFO - Number of URLs added to scraped list: 2
2024-03-18 00:58:02,098 - INFO - Number of URLs added to scraped list: 3
2024-03-18 00:58:02,099 - INFO - Number of URLs added to scraped list: 4
2024-03-18 00:58:02,099 - INFO - Number of URLs added to scraped list: 5
2024-03-18 00:58:02,099 - INFO - Number of URLs added to scraped list: 6
2024-03-18 00:58:02,099 - INFO - New listing added: https://www.idealista.pt/imovel/33111958/ with price 1.500€/mês
2024-03-18 00:58:02,099 - ERROR - An error occurred while processing https://www.idealista.pt/arrendar-casas/campolide/bairro-calcada-dos-mestres/?ordem=atualizado-desc: cannot access local variable 'entry' where it is not associated with a value
2024-03-18 00:58:02,099 - INFO - Data successfully saved to campolide_regions.json.
2024-03-18 00:58:02,100 - INFO - Processed and saved data from page https://www.idealista.pt/arrendar-casas/campolide/bairro-calcada-dos-mestres/?ordem=atualizado-desc.
2024-03-18 00:58:02,102 - INFO - Sleeping 2 for 7.28 seconds.
2024-03-18 00:58:19,423 - ERROR - Reached the end or faced an error while trying to navigate to the next page: Message: no such element: Unable to locate element: {"method":"css selector","selector":"li.next a.icon-arrow-right-after"}
  (Session info: chrome=122.0.6261.129); For documentation on this error, please visit: https://www.selenium.dev/documentation/webdriver/troubleshooting/errors#no-such-element-exception
Stacktrace:
0   undetected_chromedriver             0x000000010f2672a8 undetected_chromedriver + 4625064
1   undetected_chromedriver             0x000000010f25ee53 undetected_chromedriver + 4591187
2   undetected_chromedriver             0x000000010ee5de6a undetected_chromedriver + 392810
3   undetected_chromedriver             0x000000010eea941d undetected_chromedriver + 701469
4   undetected_chromedriver             0x000000010eea95b1 undetected_chromedriver + 701873
5   undetected_chromedriver             0x000000010eeed1c4 undetected_chromedriver + 979396
6   undetected_chromedriver             0x000000010eecb89d undetected_chromedriver + 841885
7   undetected_chromedriver             0x000000010eeea68f undetected_chromedriver + 968335
8   undetected_chromedriver             0x000000010eecb613 undetected_chromedriver + 841235
9   undetected_chromedriver             0x000000010ee9c3da undetected_chromedriver + 648154
10  undetected_chromedriver             0x000000010ee9cd1e undetected_chromedriver + 650526
11  undetected_chromedriver             0x000000010f227a70 undetected_chromedriver + 4364912
12  undetected_chromedriver             0x000000010f22ce36 undetected_chromedriver + 4386358
13  undetected_chromedriver             0x000000010f20c6de undetected_chromedriver + 4253406
14  undetected_chromedriver             0x000000010f22db79 undetected_chromedriver + 4389753
15  undetected_chromedriver             0x000000010f1fea29 undetected_chromedriver + 4196905
16  undetected_chromedriver             0x000000010f24db28 undetected_chromedriver + 4520744
17  undetected_chromedriver             0x000000010f24dd07 undetected_chromedriver + 4521223
18  undetected_chromedriver             0x000000010f25ea93 undetected_chromedriver + 4590227
19  libsystem_pthread.dylib             0x00007ff80641e4e1 _pthread_start + 125
20  libsystem_pthread.dylib             0x00007ff806419f6b thread_start + 15

2024-03-18 00:58:19,424 - INFO - Number of Scraped URLs: 6
2024-03-18 00:58:19,424 - INFO - Rented URLs: set()
2024-03-18 00:58:19,424 - INFO - All Scraped URls {'https://www.idealista.pt/imovel/33270079/', 'https://www.idealista.pt/imovel/31837291/', 'https://www.idealista.pt/imovel/33246909/', 'https://www.idealista.pt/imovel/33111958/', 'https://www.idealista.pt/imovel/33145527/', 'https://www.idealista.pt/imovel/33217228/'}.
2024-03-18 00:58:19,424 - INFO - Existing_urls {'https://www.idealista.pt/imovel/33270079/', 'https://www.idealista.pt/imovel/31837291/', 'https://www.idealista.pt/imovel/33246909/', 'https://www.idealista.pt/imovel/33111958/', 'https://www.idealista.pt/imovel/33145527/', 'https://www.idealista.pt/imovel/33217228/'}.
2024-03-18 00:58:19,424 - INFO - Sleeping 1 for 11.54 seconds.
2024-03-18 00:58:30,969 - INFO - Navigating to URL: https://www.idealista.pt/arrendar-casas/campolide/bairro-da-serafina/?ordem=atualizado-desc
2024-03-18 00:58:33,451 - INFO - Extracted 2 listings from a page.
2024-03-18 00:58:33,452 - INFO - Number of URLs added to scraped list: 7
2024-03-18 00:58:33,452 - INFO - Number of URLs added to scraped list: 8
2024-03-18 00:58:33,452 - INFO - New listing added: https://www.idealista.pt/imovel/33165825/ with price 900€/mês
2024-03-18 00:58:33,452 - ERROR - An error occurred while processing https://www.idealista.pt/arrendar-casas/campolide/bairro-da-serafina/?ordem=atualizado-desc: cannot access local variable 'entry' where it is not associated with a value
2024-03-18 00:58:33,453 - INFO - Data successfully saved to campolide_regions.json.
2024-03-18 00:58:33,453 - INFO - Processed and saved data from page https://www.idealista.pt/arrendar-casas/campolide/bairro-da-serafina/?ordem=atualizado-desc.
2024-03-18 00:58:33,453 - INFO - Sleeping 2 for 9.30 seconds.
2024-03-18 00:58:52,770 - ERROR - Reached the end or faced an error while trying to navigate to the next page: Message: no such element: Unable to locate element: {"method":"css selector","selector":"li.next a.icon-arrow-right-after"}
  (Session info: chrome=122.0.6261.129); For documentation on this error, please visit: https://www.selenium.dev/documentation/webdriver/troubleshooting/errors#no-such-element-exception
Stacktrace:
0   undetected_chromedriver             0x000000010f2672a8 undetected_chromedriver + 4625064
1   undetected_chromedriver             0x000000010f25ee53 undetected_chromedriver + 4591187
2   undetected_chromedriver             0x000000010ee5de6a undetected_chromedriver + 392810
3   undetected_chromedriver             0x000000010eea941d undetected_chromedriver + 701469
4   undetected_chromedriver             0x000000010eea95b1 undetected_chromedriver + 701873
5   undetected_chromedriver             0x000000010eeed1c4 undetected_chromedriver + 979396
6   undetected_chromedriver             0x000000010eecb89d undetected_chromedriver + 841885
7   undetected_chromedriver             0x000000010eeea68f undetected_chromedriver + 968335
8   undetected_chromedriver             0x000000010eecb613 undetected_chromedriver + 841235
9   undetected_chromedriver             0x000000010ee9c3da undetected_chromedriver + 648154
10  undetected_chromedriver             0x000000010ee9cd1e undetected_chromedriver + 650526
11  undetected_chromedriver             0x000000010f227a70 undetected_chromedriver + 4364912
12  undetected_chromedriver             0x000000010f22ce36 undetected_chromedriver + 4386358
13  undetected_chromedriver             0x000000010f20c6de undetected_chromedriver + 4253406
14  undetected_chromedriver             0x000000010f22db79 undetected_chromedriver + 4389753
15  undetected_chromedriver             0x000000010f1fea29 undetected_chromedriver + 4196905
16  undetected_chromedriver             0x000000010f24db28 undetected_chromedriver + 4520744
17  undetected_chromedriver             0x000000010f24dd07 undetected_chromedriver + 4521223
18  undetected_chromedriver             0x000000010f25ea93 undetected_chromedriver + 4590227
19  libsystem_pthread.dylib             0x00007ff80641e4e1 _pthread_start + 125
20  libsystem_pthread.dylib             0x00007ff806419f6b thread_start + 15

2024-03-18 00:58:52,771 - INFO - Number of Scraped URLs: 8
2024-03-18 00:58:52,771 - INFO - Rented URLs: set()
2024-03-18 00:58:52,771 - INFO - All Scraped URls {'https://www.idealista.pt/imovel/33270079/', 'https://www.idealista.pt/imovel/31837291/', 'https://www.idealista.pt/imovel/33246909/', 'https://www.idealista.pt/imovel/33165825/', 'https://www.idealista.pt/imovel/33111958/', 'https://www.idealista.pt/imovel/33200601/', 'https://www.idealista.pt/imovel/33145527/', 'https://www.idealista.pt/imovel/33217228/'}.
2024-03-18 00:58:52,771 - INFO - Existing_urls {'https://www.idealista.pt/imovel/33270079/', 'https://www.idealista.pt/imovel/31837291/', 'https://www.idealista.pt/imovel/33246909/', 'https://www.idealista.pt/imovel/33165825/', 'https://www.idealista.pt/imovel/33111958/', 'https://www.idealista.pt/imovel/33200601/', 'https://www.idealista.pt/imovel/33145527/', 'https://www.idealista.pt/imovel/33217228/'}.
2024-03-18 00:58:52,771 - INFO - Sleeping 1 for 12.74 seconds.
2024-03-18 00:59:05,512 - INFO - Navigating to URL: https://www.idealista.pt/arrendar-casas/campolide/centro/?ordem=atualizado-desc
2024-03-18 00:59:09,306 - INFO - Extracted 30 listings from a page.
2024-03-18 00:59:09,307 - INFO - Number of URLs added to scraped list: 9
2024-03-18 00:59:09,307 - INFO - Number of URLs added to scraped list: 10
2024-03-18 00:59:09,308 - INFO - Number of URLs added to scraped list: 11
2024-03-18 00:59:09,308 - INFO - Number of URLs added to scraped list: 12
2024-03-18 00:59:09,308 - INFO - Number of URLs added to scraped list: 13
2024-03-18 00:59:09,308 - INFO - Number of URLs added to scraped list: 14
2024-03-18 00:59:09,308 - INFO - Number of URLs added to scraped list: 15
2024-03-18 00:59:09,308 - INFO - Number of URLs added to scraped list: 16
2024-03-18 00:59:09,308 - INFO - Number of URLs added to scraped list: 17
2024-03-18 00:59:09,308 - INFO - Number of URLs added to scraped list: 18
2024-03-18 00:59:09,308 - INFO - Number of URLs added to scraped list: 19
2024-03-18 00:59:09,308 - INFO - Number of URLs added to scraped list: 20
2024-03-18 00:59:09,308 - INFO - Number of URLs added to scraped list: 21
2024-03-18 00:59:09,308 - INFO - Number of URLs added to scraped list: 22
2024-03-18 00:59:09,309 - INFO - Number of URLs added to scraped list: 23
2024-03-18 00:59:09,309 - INFO - Number of URLs added to scraped list: 24
2024-03-18 00:59:09,309 - INFO - Number of URLs added to scraped list: 25
2024-03-18 00:59:09,309 - INFO - Number of URLs added to scraped list: 26
2024-03-18 00:59:09,309 - INFO - Number of URLs added to scraped list: 27
2024-03-18 00:59:09,309 - INFO - Number of URLs added to scraped list: 28
2024-03-18 00:59:09,309 - INFO - Number of URLs added to scraped list: 29
2024-03-18 00:59:09,309 - INFO - Number of URLs added to scraped list: 30
2024-03-18 00:59:09,309 - INFO - Number of URLs added to scraped list: 31
2024-03-18 00:59:09,309 - INFO - Number of URLs added to scraped list: 32
2024-03-18 00:59:09,309 - INFO - Number of URLs added to scraped list: 33
2024-03-18 00:59:09,309 - INFO - Number of URLs added to scraped list: 34
2024-03-18 00:59:09,310 - INFO - Number of URLs added to scraped list: 35
2024-03-18 00:59:09,310 - INFO - Number of URLs added to scraped list: 36
2024-03-18 00:59:09,310 - INFO - Number of URLs added to scraped list: 37
2024-03-18 00:59:09,310 - INFO - Number of URLs added to scraped list: 38
2024-03-18 00:59:09,310 - INFO - New listing added: https://www.idealista.pt/imovel/33173572/ with price 1.300€/mês
2024-03-18 00:59:09,310 - ERROR - An error occurred while processing https://www.idealista.pt/arrendar-casas/campolide/centro/?ordem=atualizado-desc: cannot access local variable 'entry' where it is not associated with a value
2024-03-18 00:59:09,312 - INFO - Data successfully saved to campolide_regions.json.
2024-03-18 00:59:09,312 - INFO - Processed and saved data from page https://www.idealista.pt/arrendar-casas/campolide/centro/?ordem=atualizado-desc.
2024-03-18 00:59:09,312 - INFO - Sleeping 2 for 8.06 seconds.
2024-03-18 00:59:17,405 - INFO - Next page URL: https://www.idealista.pt/arrendar-casas/campolide/centro/pagina-2?ordem=atualizado-desc
2024-03-18 00:59:17,406 - INFO - All Scraped URls {'https://www.idealista.pt/imovel/33226961/', 'https://www.idealista.pt/imovel/33202880/', 'https://www.idealista.pt/imovel/33237031/', 'https://www.idealista.pt/imovel/33257342/', 'https://www.idealista.pt/imovel/33249892/', 'https://www.idealista.pt/imovel/33185498/', 'https://www.idealista.pt/imovel/33201937/', 'https://www.idealista.pt/imovel/33230005/', 'https://www.idealista.pt/imovel/33200601/', 'https://www.idealista.pt/imovel/33145527/', 'https://www.idealista.pt/imovel/33245783/', 'https://www.idealista.pt/imovel/32592196/', 'https://www.idealista.pt/imovel/33255506/', 'https://www.idealista.pt/imovel/33270079/', 'https://www.idealista.pt/imovel/33239964/', 'https://www.idealista.pt/imovel/33206175/', 'https://www.idealista.pt/imovel/33212672/', 'https://www.idealista.pt/imovel/33111958/', 'https://www.idealista.pt/imovel/32653013/', 'https://www.idealista.pt/imovel/33246419/', 'https://www.idealista.pt/imovel/33223557/', 'https://www.idealista.pt/imovel/31837291/', 'https://www.idealista.pt/imovel/33204311/', 'https://www.idealista.pt/imovel/33271430/', 'https://www.idealista.pt/imovel/31438795/', 'https://www.idealista.pt/imovel/33243073/', 'https://www.idealista.pt/imovel/32255081/', 'https://www.idealista.pt/imovel/33202026/', 'https://www.idealista.pt/imovel/33274567/', 'https://www.idealista.pt/imovel/33217228/', 'https://www.idealista.pt/imovel/33259204/', 'https://www.idealista.pt/imovel/33246909/', 'https://www.idealista.pt/imovel/33244885/', 'https://www.idealista.pt/imovel/33165825/', 'https://www.idealista.pt/imovel/33173572/', 'https://www.idealista.pt/imovel/33187041/', 'https://www.idealista.pt/imovel/33196844/', 'https://www.idealista.pt/imovel/33244724/'}.
2024-03-18 00:59:17,406 - INFO - Existing_urls {'https://www.idealista.pt/imovel/33226961/', 'https://www.idealista.pt/imovel/33202880/', 'https://www.idealista.pt/imovel/33237031/', 'https://www.idealista.pt/imovel/33257342/', 'https://www.idealista.pt/imovel/33249892/', 'https://www.idealista.pt/imovel/33185498/', 'https://www.idealista.pt/imovel/33201937/', 'https://www.idealista.pt/imovel/33230005/', 'https://www.idealista.pt/imovel/33200601/', 'https://www.idealista.pt/imovel/33145527/', 'https://www.idealista.pt/imovel/33245783/', 'https://www.idealista.pt/imovel/32592196/', 'https://www.idealista.pt/imovel/33255506/', 'https://www.idealista.pt/imovel/33270079/', 'https://www.idealista.pt/imovel/33239964/', 'https://www.idealista.pt/imovel/33206175/', 'https://www.idealista.pt/imovel/33212672/', 'https://www.idealista.pt/imovel/33111958/', 'https://www.idealista.pt/imovel/32653013/', 'https://www.idealista.pt/imovel/33246419/', 'https://www.idealista.pt/imovel/33223557/', 'https://www.idealista.pt/imovel/31837291/', 'https://www.idealista.pt/imovel/33204311/', 'https://www.idealista.pt/imovel/33271430/', 'https://www.idealista.pt/imovel/31438795/', 'https://www.idealista.pt/imovel/33243073/', 'https://www.idealista.pt/imovel/32255081/', 'https://www.idealista.pt/imovel/33202026/', 'https://www.idealista.pt/imovel/33274567/', 'https://www.idealista.pt/imovel/33217228/', 'https://www.idealista.pt/imovel/33259204/', 'https://www.idealista.pt/imovel/33246909/', 'https://www.idealista.pt/imovel/33244885/', 'https://www.idealista.pt/imovel/33165825/', 'https://www.idealista.pt/imovel/33173572/', 'https://www.idealista.pt/imovel/33187041/', 'https://www.idealista.pt/imovel/33196844/', 'https://www.idealista.pt/imovel/33244724/'}.
2024-03-18 00:59:17,406 - INFO - Sleeping 1 for 10.89 seconds.
2024-03-18 00:59:28,293 - INFO - Navigating to URL: https://www.idealista.pt/arrendar-casas/campolide/centro/pagina-2?ordem=atualizado-desc
2024-03-18 00:59:30,551 - INFO - Extracted 30 listings from a page.
2024-03-18 00:59:30,551 - INFO - Number of URLs added to scraped list: 39
2024-03-18 00:59:30,551 - INFO - Number of URLs added to scraped list: 40
2024-03-18 00:59:30,551 - INFO - Number of URLs added to scraped list: 41
2024-03-18 00:59:30,551 - INFO - Number of URLs added to scraped list: 42
2024-03-18 00:59:30,551 - INFO - Number of URLs added to scraped list: 43
2024-03-18 00:59:30,551 - INFO - Number of URLs added to scraped list: 44
2024-03-18 00:59:30,551 - INFO - Number of URLs added to scraped list: 45
2024-03-18 00:59:30,551 - INFO - Number of URLs added to scraped list: 46
2024-03-18 00:59:30,552 - INFO - Number of URLs added to scraped list: 47
2024-03-18 00:59:30,552 - INFO - Number of URLs added to scraped list: 48
2024-03-18 00:59:30,552 - INFO - Number of URLs added to scraped list: 49
2024-03-18 00:59:30,552 - INFO - Number of URLs added to scraped list: 50
2024-03-18 00:59:30,552 - INFO - Number of URLs added to scraped list: 51
2024-03-18 00:59:30,552 - INFO - Number of URLs added to scraped list: 52
2024-03-18 00:59:30,552 - INFO - Number of URLs added to scraped list: 53
2024-03-18 00:59:30,552 - INFO - Number of URLs added to scraped list: 54
2024-03-18 00:59:30,552 - INFO - Number of URLs added to scraped list: 55
2024-03-18 00:59:30,552 - INFO - Number of URLs added to scraped list: 56
2024-03-18 00:59:30,552 - INFO - Number of URLs added to scraped list: 57
2024-03-18 00:59:30,552 - INFO - Number of URLs added to scraped list: 58
2024-03-18 00:59:30,552 - INFO - Number of URLs added to scraped list: 59
2024-03-18 00:59:30,552 - INFO - Number of URLs added to scraped list: 60
2024-03-18 00:59:30,553 - INFO - Number of URLs added to scraped list: 61
2024-03-18 00:59:30,553 - INFO - Number of URLs added to scraped list: 62
2024-03-18 00:59:30,553 - INFO - Number of URLs added to scraped list: 63
2024-03-18 00:59:30,553 - INFO - Number of URLs added to scraped list: 64
2024-03-18 00:59:30,553 - INFO - Number of URLs added to scraped list: 65
2024-03-18 00:59:30,553 - INFO - Number of URLs added to scraped list: 66
2024-03-18 00:59:30,553 - INFO - Number of URLs added to scraped list: 67
2024-03-18 00:59:30,553 - INFO - Number of URLs added to scraped list: 68
2024-03-18 00:59:30,553 - INFO - New listing added: https://www.idealista.pt/imovel/32719232/ with price 1.800€/mês
2024-03-18 00:59:30,553 - ERROR - An error occurred while processing https://www.idealista.pt/arrendar-casas/campolide/centro/pagina-2?ordem=atualizado-desc: cannot access local variable 'entry' where it is not associated with a value
2024-03-18 00:59:30,555 - INFO - Data successfully saved to campolide_regions.json.
2024-03-18 00:59:30,555 - INFO - Processed and saved data from page https://www.idealista.pt/arrendar-casas/campolide/centro/pagina-2?ordem=atualizado-desc.
2024-03-18 00:59:30,555 - INFO - Sleeping 2 for 12.75 seconds.
2024-03-18 00:59:43,353 - INFO - Next page URL: https://www.idealista.pt/arrendar-casas/campolide/centro/pagina-3?ordem=atualizado-desc
2024-03-18 00:59:43,353 - INFO - All Scraped URls {'https://www.idealista.pt/imovel/33226961/', 'https://www.idealista.pt/imovel/33067491/', 'https://www.idealista.pt/imovel/33202880/', 'https://www.idealista.pt/imovel/33237031/', 'https://www.idealista.pt/imovel/33257342/', 'https://www.idealista.pt/imovel/33249892/', 'https://www.idealista.pt/imovel/33067499/', 'https://www.idealista.pt/imovel/33081263/', 'https://www.idealista.pt/imovel/33185498/', 'https://www.idealista.pt/imovel/33057492/', 'https://www.idealista.pt/imovel/33201937/', 'https://www.idealista.pt/imovel/33230005/', 'https://www.idealista.pt/imovel/33200601/', 'https://www.idealista.pt/imovel/33053656/', 'https://www.idealista.pt/imovel/33160983/', 'https://www.idealista.pt/imovel/32695058/', 'https://www.idealista.pt/imovel/33082746/', 'https://www.idealista.pt/imovel/33145527/', 'https://www.idealista.pt/imovel/33245783/', 'https://www.idealista.pt/imovel/32592196/', 'https://www.idealista.pt/imovel/33255506/', 'https://www.idealista.pt/imovel/33270079/', 'https://www.idealista.pt/imovel/33239964/', 'https://www.idealista.pt/imovel/33206175/', 'https://www.idealista.pt/imovel/33067492/', 'https://www.idealista.pt/imovel/33038507/', 'https://www.idealista.pt/imovel/32694884/', 'https://www.idealista.pt/imovel/33102732/', 'https://www.idealista.pt/imovel/33212672/', 'https://www.idealista.pt/imovel/32669095/', 'https://www.idealista.pt/imovel/33080720/', 'https://www.idealista.pt/imovel/33111958/', 'https://www.idealista.pt/imovel/32653013/', 'https://www.idealista.pt/imovel/33246419/', 'https://www.idealista.pt/imovel/33223557/', 'https://www.idealista.pt/imovel/32990165/', 'https://www.idealista.pt/imovel/31509236/', 'https://www.idealista.pt/imovel/31837291/', 'https://www.idealista.pt/imovel/32694944/', 'https://www.idealista.pt/imovel/33001742/', 'https://www.idealista.pt/imovel/33204311/', 'https://www.idealista.pt/imovel/33271430/', 'https://www.idealista.pt/imovel/31438795/', 'https://www.idealista.pt/imovel/33067502/', 'https://www.idealista.pt/imovel/33243073/', 'https://www.idealista.pt/imovel/32255081/', 'https://www.idealista.pt/imovel/32719232/', 'https://www.idealista.pt/imovel/33202026/', 'https://www.idealista.pt/imovel/32984265/', 'https://www.idealista.pt/imovel/32917738/', 'https://www.idealista.pt/imovel/33165073/', 'https://www.idealista.pt/imovel/32737963/', 'https://www.idealista.pt/imovel/33274567/', 'https://www.idealista.pt/imovel/29550288/', 'https://www.idealista.pt/imovel/33217228/', 'https://www.idealista.pt/imovel/33259204/', 'https://www.idealista.pt/imovel/33096763/', 'https://www.idealista.pt/imovel/33246909/', 'https://www.idealista.pt/imovel/33067504/', 'https://www.idealista.pt/imovel/33244885/', 'https://www.idealista.pt/imovel/33165825/', 'https://www.idealista.pt/imovel/33173572/', 'https://www.idealista.pt/imovel/33187041/', 'https://www.idealista.pt/imovel/33196844/', 'https://www.idealista.pt/imovel/33105876/', 'https://www.idealista.pt/imovel/33132565/', 'https://www.idealista.pt/imovel/33067495/', 'https://www.idealista.pt/imovel/33244724/'}.
2024-03-18 00:59:43,355 - INFO - Existing_urls {'https://www.idealista.pt/imovel/33226961/', 'https://www.idealista.pt/imovel/33067491/', 'https://www.idealista.pt/imovel/33202880/', 'https://www.idealista.pt/imovel/33237031/', 'https://www.idealista.pt/imovel/33257342/', 'https://www.idealista.pt/imovel/33249892/', 'https://www.idealista.pt/imovel/33067499/', 'https://www.idealista.pt/imovel/33081263/', 'https://www.idealista.pt/imovel/33185498/', 'https://www.idealista.pt/imovel/33057492/', 'https://www.idealista.pt/imovel/33201937/', 'https://www.idealista.pt/imovel/33230005/', 'https://www.idealista.pt/imovel/33200601/', 'https://www.idealista.pt/imovel/33053656/', 'https://www.idealista.pt/imovel/33160983/', 'https://www.idealista.pt/imovel/32695058/', 'https://www.idealista.pt/imovel/33082746/', 'https://www.idealista.pt/imovel/33145527/', 'https://www.idealista.pt/imovel/33245783/', 'https://www.idealista.pt/imovel/32592196/', 'https://www.idealista.pt/imovel/33255506/', 'https://www.idealista.pt/imovel/33270079/', 'https://www.idealista.pt/imovel/33239964/', 'https://www.idealista.pt/imovel/33206175/', 'https://www.idealista.pt/imovel/33067492/', 'https://www.idealista.pt/imovel/33038507/', 'https://www.idealista.pt/imovel/32694884/', 'https://www.idealista.pt/imovel/33102732/', 'https://www.idealista.pt/imovel/33212672/', 'https://www.idealista.pt/imovel/32669095/', 'https://www.idealista.pt/imovel/33080720/', 'https://www.idealista.pt/imovel/33111958/', 'https://www.idealista.pt/imovel/32653013/', 'https://www.idealista.pt/imovel/33246419/', 'https://www.idealista.pt/imovel/33223557/', 'https://www.idealista.pt/imovel/32990165/', 'https://www.idealista.pt/imovel/31509236/', 'https://www.idealista.pt/imovel/31837291/', 'https://www.idealista.pt/imovel/32694944/', 'https://www.idealista.pt/imovel/33001742/', 'https://www.idealista.pt/imovel/33204311/', 'https://www.idealista.pt/imovel/33271430/', 'https://www.idealista.pt/imovel/31438795/', 'https://www.idealista.pt/imovel/33067502/', 'https://www.idealista.pt/imovel/33243073/', 'https://www.idealista.pt/imovel/32255081/', 'https://www.idealista.pt/imovel/32719232/', 'https://www.idealista.pt/imovel/33202026/', 'https://www.idealista.pt/imovel/32984265/', 'https://www.idealista.pt/imovel/32917738/', 'https://www.idealista.pt/imovel/33165073/', 'https://www.idealista.pt/imovel/32737963/', 'https://www.idealista.pt/imovel/33274567/', 'https://www.idealista.pt/imovel/29550288/', 'https://www.idealista.pt/imovel/33217228/', 'https://www.idealista.pt/imovel/33259204/', 'https://www.idealista.pt/imovel/33096763/', 'https://www.idealista.pt/imovel/33246909/', 'https://www.idealista.pt/imovel/33067504/', 'https://www.idealista.pt/imovel/33244885/', 'https://www.idealista.pt/imovel/33165825/', 'https://www.idealista.pt/imovel/33173572/', 'https://www.idealista.pt/imovel/33187041/', 'https://www.idealista.pt/imovel/33196844/', 'https://www.idealista.pt/imovel/33105876/', 'https://www.idealista.pt/imovel/33132565/', 'https://www.idealista.pt/imovel/33067495/', 'https://www.idealista.pt/imovel/33244724/'}.
2024-03-18 00:59:43,356 - INFO - Sleeping 1 for 14.11 seconds.
2024-03-18 00:59:57,466 - INFO - Navigating to URL: https://www.idealista.pt/arrendar-casas/campolide/centro/pagina-3?ordem=atualizado-desc
2024-03-18 00:59:59,423 - INFO - Extracted 15 listings from a page.
2024-03-18 00:59:59,423 - INFO - Number of URLs added to scraped list: 69
2024-03-18 00:59:59,423 - INFO - Number of URLs added to scraped list: 70
2024-03-18 00:59:59,423 - INFO - Number of URLs added to scraped list: 71
2024-03-18 00:59:59,424 - INFO - Number of URLs added to scraped list: 72
2024-03-18 00:59:59,424 - INFO - Number of URLs added to scraped list: 73
2024-03-18 00:59:59,424 - INFO - Number of URLs added to scraped list: 74
2024-03-18 00:59:59,424 - INFO - Number of URLs added to scraped list: 75
2024-03-18 00:59:59,424 - INFO - Number of URLs added to scraped list: 76
2024-03-18 00:59:59,424 - INFO - Number of URLs added to scraped list: 77
2024-03-18 00:59:59,425 - INFO - Number of URLs added to scraped list: 78
2024-03-18 00:59:59,425 - INFO - Number of URLs added to scraped list: 79
2024-03-18 00:59:59,425 - INFO - Number of URLs added to scraped list: 80
2024-03-18 00:59:59,425 - INFO - Number of URLs added to scraped list: 81
2024-03-18 00:59:59,425 - INFO - Number of URLs added to scraped list: 82
2024-03-18 00:59:59,425 - INFO - Number of URLs added to scraped list: 83
2024-03-18 00:59:59,425 - INFO - New listing added: https://www.idealista.pt/imovel/31507626/ with price 1.700€/mês
2024-03-18 00:59:59,426 - ERROR - An error occurred while processing https://www.idealista.pt/arrendar-casas/campolide/centro/pagina-3?ordem=atualizado-desc: cannot access local variable 'entry' where it is not associated with a value
2024-03-18 00:59:59,427 - INFO - Data successfully saved to campolide_regions.json.
2024-03-18 00:59:59,428 - INFO - Processed and saved data from page https://www.idealista.pt/arrendar-casas/campolide/centro/pagina-3?ordem=atualizado-desc.
2024-03-18 00:59:59,428 - INFO - Sleeping 2 for 10.69 seconds.
